#-----------------------------------------------------------
# Vivado v2017.2 (64-bit)
# SW Build 1909853 on Thu Jun 15 18:39:09 MDT 2017
# IP Build 1909766 on Thu Jun 15 19:58:00 MDT 2017
# Start of session at: Fri Dec 29 17:59:23 2017
# Process ID: 696
# Current directory: C:/Teaching_Materials/CEE-325 Fall 2017/Project 2017/Tetris_Basys3
# Command line: vivado.exe -gui_launcher_event rodinguilauncherevent12488 C:\Teaching_Materials\CEE-325 Fall 2017\Project 2017\Tetris_Basys3\Tetris_Basys3.xpr
# Log file: C:/Teaching_Materials/CEE-325 Fall 2017/Project 2017/Tetris_Basys3/vivado.log
# Journal file: C:/Teaching_Materials/CEE-325 Fall 2017/Project 2017/Tetris_Basys3\vivado.jou
#-----------------------------------------------------------
start_gui
open_project {C:/Teaching_Materials/CEE-325 Fall 2017/Project 2017/Tetris_Basys3/Tetris_Basys3.xpr}
Scanning sources...
Finished scanning sources
INFO: [IP_Flow 19-234] Refreshing IP repositories
INFO: [IP_Flow 19-1704] No user IP repositories specified
INFO: [IP_Flow 19-2313] Loaded Vivado IP repository 'C:/Xilinx/Vivado/2017.2/data/ip'.
update_compile_order -fileset sources_1
exit
INFO: [Common 17-206] Exiting Vivado at Fri Dec 29 18:09:07 2017...
