#-----------------------------------------------------------
# Vivado v2017.2 (64-bit)
# SW Build 1909853 on Thu Jun 15 18:39:09 MDT 2017
# IP Build 1909766 on Thu Jun 15 19:58:00 MDT 2017
# Start of session at: Wed Dec 27 20:05:50 2017
# Process ID: 104
# Current directory: C:/Teaching_Materials/CEE-325 Fall 2017/Project 2017/Tetris_Basys3
# Command line: vivado.exe -gui_launcher_event rodinguilauncherevent8952 C:\Teaching_Materials\CEE-325 Fall 2017\Project 2017\Tetris_Basys3\Tetris_Basys3.xpr
# Log file: C:/Teaching_Materials/CEE-325 Fall 2017/Project 2017/Tetris_Basys3/vivado.log
# Journal file: C:/Teaching_Materials/CEE-325 Fall 2017/Project 2017/Tetris_Basys3\vivado.jou
#-----------------------------------------------------------
start_gui
open_project {C:/Teaching_Materials/CEE-325 Fall 2017/Project 2017/Tetris_Basys3/Tetris_Basys3.xpr}
Scanning sources...
Finished scanning sources
INFO: [IP_Flow 19-234] Refreshing IP repositories
INFO: [IP_Flow 19-1704] No user IP repositories specified
INFO: [IP_Flow 19-2313] Loaded Vivado IP repository 'C:/Xilinx/Vivado/2017.2/data/ip'.
update_compile_order -fileset sources_1
reset_run synth_1
launch_runs impl_1 -to_step write_bitstream -jobs 2
[Wed Dec 27 20:06:20 2017] Launched synth_1...
Run output will be captured here: C:/Teaching_Materials/CEE-325 Fall 2017/Project 2017/Tetris_Basys3/Tetris_Basys3.runs/synth_1/runme.log
[Wed Dec 27 20:06:20 2017] Launched impl_1...
Run output will be captured here: C:/Teaching_Materials/CEE-325 Fall 2017/Project 2017/Tetris_Basys3/Tetris_Basys3.runs/impl_1/runme.log
open_hw
connect_hw_server
INFO: [Labtools 27-2285] Connecting to hw_server url TCP:localhost:3121
INFO: [Labtools 27-2222] Launching hw_server...
INFO: [Labtools 27-2221] Launch Output:

****** Xilinx hw_server v2017.2
  **** Build date : Jun 15 2017-18:53:26
    ** Copyright 1986-2017 Xilinx, Inc. All Rights Reserved.


open_hw_target
INFO: [Labtoolstcl 44-466] Opening hw_target localhost:3121/xilinx_tcf/Digilent/210183A27BB8A
set_property PROGRAM.FILE {C:/Teaching_Materials/CEE-325 Fall 2017/Project 2017/Tetris_Basys3/Tetris_Basys3.runs/impl_1/Tetris_top.bit} [get_hw_devices xc7a35t_0]
current_hw_device [get_hw_devices xc7a35t_0]
refresh_hw_device -update_hw_probes false [lindex [get_hw_devices xc7a35t_0] 0]
INFO: [Labtools 27-1434] Device xc7a35t (JTAG device index = 0) is programmed with a design that has no supported debug core(s) in it.
WARNING: [Labtools 27-3361] The debug hub core was not detected.
Resolution: 
1. Make sure the clock connected to the debug hub (dbg_hub) core is a free running clock and is active.
2. Make sure the BSCAN_SWITCH_USER_MASK device property in Vivado Hardware Manager reflects the user scan chain setting in the design and refresh the device.  To determine the user scan chain setting in the design, open the implemented design and use 'get_property C_USER_SCAN_CHAIN [get_debug_cores dbg_hub]'.
For more details on setting the scan chain property, consult the Vivado Debug and Programming User Guide (UG908).
set_property PROBES.FILE {} [get_hw_devices xc7a35t_0]
set_property FULL_PROBES.FILE {} [get_hw_devices xc7a35t_0]
set_property PROGRAM.FILE {C:/Teaching_Materials/CEE-325 Fall 2017/Project 2017/Tetris_Basys3/Tetris_Basys3.runs/impl_1/Tetris_top.bit} [get_hw_devices xc7a35t_0]
program_hw_devices [get_hw_devices xc7a35t_0]
INFO: [Labtools 27-3164] End of startup status: HIGH
refresh_hw_device [lindex [get_hw_devices xc7a35t_0] 0]
INFO: [Labtools 27-1434] Device xc7a35t (JTAG device index = 0) is programmed with a design that has no supported debug core(s) in it.
WARNING: [Labtools 27-3361] The debug hub core was not detected.
Resolution: 
1. Make sure the clock connected to the debug hub (dbg_hub) core is a free running clock and is active.
2. Make sure the BSCAN_SWITCH_USER_MASK device property in Vivado Hardware Manager reflects the user scan chain setting in the design and refresh the device.  To determine the user scan chain setting in the design, open the implemented design and use 'get_property C_USER_SCAN_CHAIN [get_debug_cores dbg_hub]'.
For more details on setting the scan chain property, consult the Vivado Debug and Programming User Guide (UG908).
ERROR: [Labtoolstcl 44-513] HW Target shutdown. Closing target: localhost:3121/xilinx_tcf/Digilent/210183A27BB8A
exit
INFO: [Common 17-206] Exiting Vivado at Wed Dec 27 22:38:34 2017...
